<?xml version="1.0" encoding="UTF-8"?>
<!-- Generated by org.testng.reporters.JUnitXMLReporter -->
<testsuite hostname="RSI1505" ignored="0" name="br.com.rsinet.hub_TDD" tests="6" failures="6" timestamp="2020-01-26T15:26:48 BRT" time="67.743" errors="0">
  <testcase name="testaBuscaLupaInvalido" time="0.022" classname="br.com.rsinet.hub_TDD.testes.TestBuscaLupa">
    <failure type="java.lang.NullPointerException">
      <![CDATA[java.lang.NullPointerException
at br.com.rsinet.hub_TDD.testes.TestBuscaLupa.testaBuscaLupaInvalido(TestBuscaLupa.java:95)
at java.util.ArrayList.forEach(Unknown Source)
... Removed 27 stack frames]]>
    </failure>
  </testcase> <!-- testaBuscaLupaInvalido -->
  <testcase name="testaBuscaLupaValido" time="0.007" classname="br.com.rsinet.hub_TDD.testes.TestBuscaLupa">
    <failure type="java.lang.NullPointerException">
      <![CDATA[java.lang.NullPointerException
at br.com.rsinet.hub_TDD.testes.TestBuscaLupa.testaBuscaLupaValido(TestBuscaLupa.java:61)
at java.util.ArrayList.forEach(Unknown Source)
... Removed 27 stack frames]]>
    </failure>
  </testcase> <!-- testaBuscaLupaValido -->
  <testcase name="testaBuscaCliqueInvalido" time="0.0" classname="br.com.rsinet.hub_TDD.testes.TesteBuscaClique">
    <failure type="java.lang.NullPointerException">
      <![CDATA[java.lang.NullPointerException
at br.com.rsinet.hub_TDD.testes.TesteBuscaClique.testaBuscaCliqueInvalido(TesteBuscaClique.java:85)
at java.util.ArrayList.forEach(Unknown Source)
... Removed 27 stack frames]]>
    </failure>
  </testcase> <!-- testaBuscaCliqueInvalido -->
  <testcase name="testaBuscaCliqueValido" time="0.005" classname="br.com.rsinet.hub_TDD.testes.TesteBuscaClique">
    <failure type="java.lang.NullPointerException">
      <![CDATA[java.lang.NullPointerException
at br.com.rsinet.hub_TDD.testes.TesteBuscaClique.testaBuscaCliqueValido(TesteBuscaClique.java:60)
at java.util.ArrayList.forEach(Unknown Source)
... Removed 27 stack frames]]>
    </failure>
  </testcase> <!-- testaBuscaCliqueValido -->
  <testcase name="testeCadastroValido" time="0.003" classname="br.com.rsinet.hub_TDD.testes.TesteCadastro">
    <failure type="java.lang.NullPointerException">
      <![CDATA[java.lang.NullPointerException
at br.com.rsinet.hub_TDD.testes.TesteCadastro.testeCadastroValido(TesteCadastro.java:90)
at java.util.ArrayList.forEach(Unknown Source)
... Removed 27 stack frames]]>
    </failure>
  </testcase> <!-- testeCadastroValido -->
  <testcase name="testeCadastroInvalido" time="0.005" classname="br.com.rsinet.hub_TDD.testes.TesteCadastro">
    <failure type="java.lang.NullPointerException">
      <![CDATA[java.lang.NullPointerException
at br.com.rsinet.hub_TDD.testes.TesteCadastro.testeCadastroInvalido(TesteCadastro.java:132)
at java.util.ArrayList.forEach(Unknown Source)
... Removed 27 stack frames]]>
    </failure>
  </testcase> <!-- testeCadastroInvalido -->
</testsuite> <!-- br.com.rsinet.hub_TDD -->
