<?xml version="1.0" encoding="UTF-8"?>
<!-- Generated by org.testng.reporters.JUnitXMLReporter -->
<testsuite hostname="RSI1505" ignored="0" name="Funcionalidade busca por clique" tests="2" failures="0" timestamp="2020-01-27T11:06:32 BRT" time="35.263" errors="0">
  <testcase name="testaBuscaCliqueInvalido" time="6.857" classname="br.com.rsinet.hub_TDD.testes.TesteBuscaClique"/>
  <testcase name="testaBuscaCliqueValido" time="7.935" classname="br.com.rsinet.hub_TDD.testes.TesteBuscaClique"/>
</testsuite> <!-- Funcionalidade busca por clique -->
