<?xml version="1.0" encoding="UTF-8"?>
<!-- Generated by org.testng.reporters.JUnitXMLReporter -->
<testsuite hostname="RSI1505" ignored="0" name="Funcionalidade busca pela lupa" tests="2" failures="0" timestamp="2020-01-28T14:18:05 BRT" time="28.53" errors="0">
  <testcase name="testaBuscaLupaInvalido" time="3.591" classname="br.com.rsinet.hub_TDD.testes.TestBuscaLupa"/>
  <testcase name="testaBuscaLupaValido" time="3.25" classname="br.com.rsinet.hub_TDD.testes.TestBuscaLupa"/>
</testsuite> <!-- Funcionalidade busca pela lupa -->
