<?xml version="1.0" encoding="UTF-8"?>
<!-- Generated by org.testng.reporters.JUnitXMLReporter -->
<testsuite hostname="RSI1505" ignored="0" name="Funcionalidade de cadastro" tests="2" failures="0" timestamp="2020-01-27T11:07:23 BRT" time="50.571" errors="0">
  <testcase name="testeCadastroValido" time="8.486" classname="br.com.rsinet.hub_TDD.testes.TesteCadastro"/>
  <testcase name="testeCadastroInvalido" time="21.635" classname="br.com.rsinet.hub_TDD.testes.TesteCadastro"/>
</testsuite> <!-- Funcionalidade de cadastro -->
