<?xml version="1.0" encoding="UTF-8"?>
<!-- Generated by org.testng.reporters.JUnitXMLReporter -->
<testsuite hostname="RSI1505" ignored="0" name="Funcionalidade busca pela lupa" tests="2" failures="0" timestamp="2020-01-27T16:07:37 BRT" time="29.278" errors="0">
  <testcase name="testaBuscaLupaInvalido" time="3.874" classname="br.com.rsinet.hub_TDD.testes.TestBuscaLupa"/>
  <testcase name="testaBuscaLupaValido" time="3.141" classname="br.com.rsinet.hub_TDD.testes.TestBuscaLupa"/>
</testsuite> <!-- Funcionalidade busca pela lupa -->
