<?xml version="1.0" encoding="UTF-8"?>
<!-- Generated by org.testng.reporters.JUnitXMLReporter -->
<testsuite hostname="RSI1505" ignored="0" name="Funcionalidade busca por clique" tests="2" failures="0" timestamp="2020-01-27T16:08:08 BRT" time="31.386" errors="0">
  <testcase name="testaBuscaCliqueInvalido" time="5.22" classname="br.com.rsinet.hub_TDD.testes.TesteBuscaClique"/>
  <testcase name="testaBuscaCliqueValido" time="5.925" classname="br.com.rsinet.hub_TDD.testes.TesteBuscaClique"/>
</testsuite> <!-- Funcionalidade busca por clique -->
