<?xml version="1.0" encoding="UTF-8"?>
<!-- Generated by org.testng.reporters.JUnitXMLReporter -->
<testsuite hostname="RSI1505" ignored="0" name="br.com.rsinet.hub_TDD" tests="6" failures="0" timestamp="2020-01-16T10:30:28 BRT" time="94.349" errors="0">
  <testcase name="testaBuscaLupaInvalido" time="5.185" classname="br.com.rsinet.hub_TDD.testes.TestBuscaLupa"/>
  <testcase name="testaBuscaLupaValido" time="3.314" classname="br.com.rsinet.hub_TDD.testes.TestBuscaLupa"/>
  <testcase name="testaBuscaCliqueInvalido" time="4.875" classname="br.com.rsinet.hub_TDD.testes.TesteBuscaClique"/>
  <testcase name="testaBuscaCliqueValido" time="5.784" classname="br.com.rsinet.hub_TDD.testes.TesteBuscaClique"/>
  <testcase name="testeCadastroValido" time="5.96" classname="br.com.rsinet.hub_TDD.testes.TesteCadastro"/>
  <testcase name="testeCadastroInvalido" time="5.247" classname="br.com.rsinet.hub_TDD.testes.TesteCadastro"/>
</testsuite> <!-- br.com.rsinet.hub_TDD -->
