<?xml version="1.0" encoding="UTF-8"?>
<!-- Generated by org.testng.reporters.JUnitXMLReporter -->
<testsuite hostname="RSI1505" ignored="0" name="Default test" tests="2" failures="0" timestamp="2020-01-27T10:59:16 BRT" time="56.074" errors="0">
  <testcase name="testeCadastroValido" time="9.89" classname="br.com.rsinet.hub_TDD.testes.TesteCadastro"/>
  <testcase name="testeCadastroInvalido" time="23.841" classname="br.com.rsinet.hub_TDD.testes.TesteCadastro"/>
</testsuite> <!-- Default test -->
