<?xml version="1.0" encoding="UTF-8"?>
<!-- Generated by org.testng.reporters.JUnitXMLReporter -->
<testsuite hostname="RSI1505" ignored="0" name="Default test" tests="2" failures="0" timestamp="2020-01-27T16:06:18 BRT" time="29.366" errors="0">
  <testcase name="testaBuscaLupaInvalido" time="3.831" classname="br.com.rsinet.hub_TDD.testes.TestBuscaLupa"/>
  <testcase name="testaBuscaLupaValido" time="3.221" classname="br.com.rsinet.hub_TDD.testes.TestBuscaLupa"/>
</testsuite> <!-- Default test -->
