<?xml version="1.0" encoding="UTF-8"?>
<testng-results skipped="0" failed="1" ignored="0" total="6" passed="5">
  <reporter-output>
    <line>
      <![CDATA[ A aplicação foi iniciada com sucesso |]]>
    </line>
    <line>
      <![CDATA[O campo de busca recebeu os parâmetros enviados |]]>
    </line>
    <line>
      <![CDATA[ A busca pela lupa não retornou o resultado esperado | ]]>
    </line>
    <line>
      <![CDATA[ O teste foi finalizado ]]>
    </line>
    <line>
      <![CDATA[ A aplicação foi iniciada com sucesso |]]>
    </line>
    <line>
      <![CDATA[O campo de busca recebeu os parâmetros enviados |]]>
    </line>
    <line>
      <![CDATA[A aplicação retornou o produto pesquisado |]]>
    </line>
    <line>
      <![CDATA[A busca pela lupa foi realizada com sucesso]]>
    </line>
    <line>
      <![CDATA[ O teste foi finalizado ]]>
    </line>
    <line>
      <![CDATA[ A aplicação foi iniciada com sucesso |]]>
    </line>
    <line>
      <![CDATA[Os comandos de cliques foram executados com sucesso |]]>
    </line>
    <line>
      <![CDATA[ O produto selecionado foi inserido no carrinho com sucesso |]]>
    </line>
    <line>
      <![CDATA[O produto inserido no carrinho é divergente do produto selecionado na tela inicial |]]>
    </line>
    <line>
      <![CDATA[O teste foi finalizado.]]>
    </line>
    <line>
      <![CDATA[ A aplicação foi iniciada com sucesso |]]>
    </line>
    <line>
      <![CDATA[Os comandos de cliques foram executados com sucesso |]]>
    </line>
    <line>
      <![CDATA[O produto foi inserido no carrinho corretamente]]>
    </line>
    <line>
      <![CDATA[O teste foi finalizado ]]>
    </line>
    <line>
      <![CDATA[ A aplicação foi iniciada com sucesso |]]>
    </line>
    <line>
      <![CDATA[ A página de criação de novo usuário foi acessada |]]>
    </line>
    <line>
      <![CDATA[Os dados foram preenchidos com informações válidas]]>
    </line>
    <line>
      <![CDATA[Um novo usuário foi cadastrado com sucesso |]]>
    </line>
    <line>
      <![CDATA[O teste foi finalizado ]]>
    </line>
    <line>
      <![CDATA[ A aplicação foi iniciada com sucesso |]]>
    </line>
    <line>
      <![CDATA[ A página de criação de novo usuário foi acessada |]]>
    </line>
    <line>
      <![CDATA[Os dados foram preenchidos com um nome de usuario ja cadastrado]]>
    </line>
    <line>
      <![CDATA[O usuário não foi cadastrado |]]>
    </line>
  </reporter-output>
  <suite name="Teste - TDD" duration-ms="111116" started-at="2020-01-27T10:25:06 BRT" finished-at="2020-01-27T10:26:58 BRT">
    <groups>
    </groups>
    <test name="br.com.rsinet.hub_TDD" duration-ms="111116" started-at="2020-01-27T10:25:06 BRT" finished-at="2020-01-27T10:26:58 BRT">
      <class name="br.com.rsinet.hub_TDD.testes.TesteBuscaClique">
        <test-method status="PASS" signature="configura()[pri:0, instance:br.com.rsinet.hub_TDD.testes.TesteBuscaClique@38bc8ab5]" name="configura" is-config="true" duration-ms="10000" started-at="2020-01-27T10:25:35 BRT" finished-at="2020-01-27T10:25:45 BRT">
          <reporter-output>
          </reporter-output>
        </test-method> <!-- configura -->
        <test-method status="PASS" signature="testaBuscaCliqueInvalido()[pri:0, instance:br.com.rsinet.hub_TDD.testes.TesteBuscaClique@38bc8ab5]" name="testaBuscaCliqueInvalido" duration-ms="5135" started-at="2020-01-27T10:25:45 BRT" finished-at="2020-01-27T10:25:51 BRT">
          <reporter-output>
            <line>
              <![CDATA[ A aplicação foi iniciada com sucesso |]]>
            </line>
            <line>
              <![CDATA[Os comandos de cliques foram executados com sucesso |]]>
            </line>
            <line>
              <![CDATA[ O produto selecionado foi inserido no carrinho com sucesso |]]>
            </line>
            <line>
              <![CDATA[O produto inserido no carrinho é divergente do produto selecionado na tela inicial |]]>
            </line>
            <line>
              <![CDATA[O teste foi finalizado.]]>
            </line>
          </reporter-output>
        </test-method> <!-- testaBuscaCliqueInvalido -->
        <test-method status="PASS" signature="encerra()[pri:0, instance:br.com.rsinet.hub_TDD.testes.TesteBuscaClique@38bc8ab5]" name="encerra" is-config="true" duration-ms="586" started-at="2020-01-27T10:25:51 BRT" finished-at="2020-01-27T10:25:51 BRT">
          <reporter-output>
          </reporter-output>
        </test-method> <!-- encerra -->
        <test-method status="PASS" signature="configura()[pri:0, instance:br.com.rsinet.hub_TDD.testes.TesteBuscaClique@38bc8ab5]" name="configura" is-config="true" duration-ms="10109" started-at="2020-01-27T10:25:51 BRT" finished-at="2020-01-27T10:26:01 BRT">
          <reporter-output>
          </reporter-output>
        </test-method> <!-- configura -->
        <test-method status="PASS" signature="testaBuscaCliqueValido()[pri:0, instance:br.com.rsinet.hub_TDD.testes.TesteBuscaClique@38bc8ab5]" name="testaBuscaCliqueValido" duration-ms="5981" started-at="2020-01-27T10:26:01 BRT" finished-at="2020-01-27T10:26:07 BRT">
          <reporter-output>
            <line>
              <![CDATA[ A aplicação foi iniciada com sucesso |]]>
            </line>
            <line>
              <![CDATA[Os comandos de cliques foram executados com sucesso |]]>
            </line>
            <line>
              <![CDATA[O produto foi inserido no carrinho corretamente]]>
            </line>
            <line>
              <![CDATA[O teste foi finalizado ]]>
            </line>
          </reporter-output>
        </test-method> <!-- testaBuscaCliqueValido -->
        <test-method status="PASS" signature="encerra()[pri:0, instance:br.com.rsinet.hub_TDD.testes.TesteBuscaClique@38bc8ab5]" name="encerra" is-config="true" duration-ms="600" started-at="2020-01-27T10:26:07 BRT" finished-at="2020-01-27T10:26:08 BRT">
          <reporter-output>
          </reporter-output>
        </test-method> <!-- encerra -->
      </class> <!-- br.com.rsinet.hub_TDD.testes.TesteBuscaClique -->
      <class name="br.com.rsinet.hub_TDD.testes.TestBuscaLupa">
        <test-method status="PASS" signature="configura()[pri:0, instance:br.com.rsinet.hub_TDD.testes.TestBuscaLupa@6b9651f3]" name="configura" is-config="true" duration-ms="11350" started-at="2020-01-27T10:25:06 BRT" finished-at="2020-01-27T10:25:18 BRT">
          <reporter-output>
          </reporter-output>
        </test-method> <!-- configura -->
        <test-method status="PASS" signature="testaBuscaLupaInvalido()[pri:0, instance:br.com.rsinet.hub_TDD.testes.TestBuscaLupa@6b9651f3]" name="testaBuscaLupaInvalido" duration-ms="3939" started-at="2020-01-27T10:25:18 BRT" finished-at="2020-01-27T10:25:22 BRT">
          <reporter-output>
            <line>
              <![CDATA[ A aplicação foi iniciada com sucesso |]]>
            </line>
            <line>
              <![CDATA[O campo de busca recebeu os parâmetros enviados |]]>
            </line>
            <line>
              <![CDATA[ A busca pela lupa não retornou o resultado esperado | ]]>
            </line>
            <line>
              <![CDATA[ O teste foi finalizado ]]>
            </line>
          </reporter-output>
        </test-method> <!-- testaBuscaLupaInvalido -->
        <test-method status="PASS" signature="encerra()[pri:0, instance:br.com.rsinet.hub_TDD.testes.TestBuscaLupa@6b9651f3]" name="encerra" is-config="true" duration-ms="56" started-at="2020-01-27T10:25:22 BRT" finished-at="2020-01-27T10:25:22 BRT">
          <reporter-output>
          </reporter-output>
        </test-method> <!-- encerra -->
        <test-method status="PASS" signature="configura()[pri:0, instance:br.com.rsinet.hub_TDD.testes.TestBuscaLupa@6b9651f3]" name="configura" is-config="true" duration-ms="10289" started-at="2020-01-27T10:25:22 BRT" finished-at="2020-01-27T10:25:32 BRT">
          <reporter-output>
          </reporter-output>
        </test-method> <!-- configura -->
        <test-method status="PASS" signature="testaBuscaLupaValido()[pri:0, instance:br.com.rsinet.hub_TDD.testes.TestBuscaLupa@6b9651f3]" name="testaBuscaLupaValido" duration-ms="3208" started-at="2020-01-27T10:25:32 BRT" finished-at="2020-01-27T10:25:35 BRT">
          <reporter-output>
            <line>
              <![CDATA[ A aplicação foi iniciada com sucesso |]]>
            </line>
            <line>
              <![CDATA[O campo de busca recebeu os parâmetros enviados |]]>
            </line>
            <line>
              <![CDATA[A aplicação retornou o produto pesquisado |]]>
            </line>
            <line>
              <![CDATA[A busca pela lupa foi realizada com sucesso]]>
            </line>
            <line>
              <![CDATA[ O teste foi finalizado ]]>
            </line>
          </reporter-output>
        </test-method> <!-- testaBuscaLupaValido -->
        <test-method status="PASS" signature="encerra()[pri:0, instance:br.com.rsinet.hub_TDD.testes.TestBuscaLupa@6b9651f3]" name="encerra" is-config="true" duration-ms="55" started-at="2020-01-27T10:25:35 BRT" finished-at="2020-01-27T10:25:35 BRT">
          <reporter-output>
          </reporter-output>
        </test-method> <!-- encerra -->
      </class> <!-- br.com.rsinet.hub_TDD.testes.TestBuscaLupa -->
      <class name="br.com.rsinet.hub_TDD.testes.TesteCadastro">
        <test-method status="PASS" signature="configura()[pri:0, instance:br.com.rsinet.hub_TDD.testes.TesteCadastro@687080dc]" name="configura" is-config="true" duration-ms="10147" started-at="2020-01-27T10:26:08 BRT" finished-at="2020-01-27T10:26:18 BRT">
          <reporter-output>
          </reporter-output>
        </test-method> <!-- configura -->
        <test-method status="PASS" signature="testeCadastroValido()[pri:0, instance:br.com.rsinet.hub_TDD.testes.TesteCadastro@687080dc]" name="testeCadastroValido" duration-ms="7562" started-at="2020-01-27T10:26:18 BRT" finished-at="2020-01-27T10:26:26 BRT">
          <reporter-output>
            <line>
              <![CDATA[ A aplicação foi iniciada com sucesso |]]>
            </line>
            <line>
              <![CDATA[ A página de criação de novo usuário foi acessada |]]>
            </line>
            <line>
              <![CDATA[Os dados foram preenchidos com informações válidas]]>
            </line>
            <line>
              <![CDATA[Um novo usuário foi cadastrado com sucesso |]]>
            </line>
            <line>
              <![CDATA[O teste foi finalizado ]]>
            </line>
          </reporter-output>
        </test-method> <!-- testeCadastroValido -->
        <test-method status="PASS" signature="encerra()[pri:0, instance:br.com.rsinet.hub_TDD.testes.TesteCadastro@687080dc]" name="encerra" is-config="true" duration-ms="589" started-at="2020-01-27T10:26:26 BRT" finished-at="2020-01-27T10:26:26 BRT">
          <reporter-output>
          </reporter-output>
        </test-method> <!-- encerra -->
        <test-method status="PASS" signature="configura()[pri:0, instance:br.com.rsinet.hub_TDD.testes.TesteCadastro@687080dc]" name="configura" is-config="true" duration-ms="10105" started-at="2020-01-27T10:26:26 BRT" finished-at="2020-01-27T10:26:36 BRT">
          <reporter-output>
          </reporter-output>
        </test-method> <!-- configura -->
        <test-method status="FAIL" signature="testeCadastroInvalido()[pri:1, instance:br.com.rsinet.hub_TDD.testes.TesteCadastro@687080dc]" name="testeCadastroInvalido" duration-ms="20738" started-at="2020-01-27T10:26:36 BRT" finished-at="2020-01-27T10:26:57 BRT">
          <exception class="java.lang.AssertionError">
            <message>
              <![CDATA[did not expect to find [false] but found [true]]]>
            </message>
            <full-stacktrace>
              <![CDATA[java.lang.AssertionError: did not expect to find [false] but found [true]
at org.testng.Assert.fail(Assert.java:97)
at org.testng.Assert.failNotEquals(Assert.java:969)
at org.testng.Assert.assertFalse(Assert.java:65)
at org.testng.Assert.assertFalse(Assert.java:75)
at br.com.rsinet.hub_TDD.testes.TesteCadastro.testeCadastroInvalido(TesteCadastro.java:132)
at sun.reflect.NativeMethodAccessorImpl.invoke0(Native Method)
at sun.reflect.NativeMethodAccessorImpl.invoke(Unknown Source)
at sun.reflect.DelegatingMethodAccessorImpl.invoke(Unknown Source)
at java.lang.reflect.Method.invoke(Unknown Source)
at org.testng.internal.MethodInvocationHelper.invokeMethod(MethodInvocationHelper.java:133)
at org.testng.internal.TestInvoker.invokeMethod(TestInvoker.java:584)
at org.testng.internal.TestInvoker.invokeTestMethod(TestInvoker.java:172)
at org.testng.internal.MethodRunner.runInSequence(MethodRunner.java:46)
at org.testng.internal.TestInvoker$MethodInvocationAgent.invoke(TestInvoker.java:804)
at org.testng.internal.TestInvoker.invokeTestMethods(TestInvoker.java:145)
at org.testng.internal.TestMethodWorker.invokeTestMethods(TestMethodWorker.java:146)
at org.testng.internal.TestMethodWorker.run(TestMethodWorker.java:128)
at java.util.ArrayList.forEach(Unknown Source)
at org.testng.TestRunner.privateRun(TestRunner.java:770)
at org.testng.TestRunner.run(TestRunner.java:591)
at org.testng.SuiteRunner.runTest(SuiteRunner.java:402)
at org.testng.SuiteRunner.runSequentially(SuiteRunner.java:396)
at org.testng.SuiteRunner.privateRun(SuiteRunner.java:355)
at org.testng.SuiteRunner.run(SuiteRunner.java:304)
at org.testng.SuiteRunnerWorker.runSuite(SuiteRunnerWorker.java:53)
at org.testng.SuiteRunnerWorker.run(SuiteRunnerWorker.java:96)
at org.testng.TestNG.runSuitesSequentially(TestNG.java:1180)
at org.testng.TestNG.runSuitesLocally(TestNG.java:1102)
at org.testng.TestNG.runSuites(TestNG.java:1032)
at org.testng.TestNG.run(TestNG.java:1000)
at org.testng.remote.AbstractRemoteTestNG.run(AbstractRemoteTestNG.java:115)
at org.testng.remote.RemoteTestNG.initAndRun(RemoteTestNG.java:251)
at org.testng.remote.RemoteTestNG.main(RemoteTestNG.java:77)
]]>
            </full-stacktrace>
          </exception> <!-- java.lang.AssertionError -->
          <reporter-output>
            <line>
              <![CDATA[ A aplicação foi iniciada com sucesso |]]>
            </line>
            <line>
              <![CDATA[ A página de criação de novo usuário foi acessada |]]>
            </line>
            <line>
              <![CDATA[Os dados foram preenchidos com um nome de usuario ja cadastrado]]>
            </line>
            <line>
              <![CDATA[O usuário não foi cadastrado |]]>
            </line>
          </reporter-output>
        </test-method> <!-- testeCadastroInvalido -->
        <test-method status="PASS" signature="encerra()[pri:0, instance:br.com.rsinet.hub_TDD.testes.TesteCadastro@687080dc]" name="encerra" is-config="true" duration-ms="617" started-at="2020-01-27T10:26:57 BRT" finished-at="2020-01-27T10:26:58 BRT">
          <reporter-output>
          </reporter-output>
        </test-method> <!-- encerra -->
      </class> <!-- br.com.rsinet.hub_TDD.testes.TesteCadastro -->
    </test> <!-- br.com.rsinet.hub_TDD -->
  </suite> <!-- Teste - TDD -->
</testng-results>
