<?xml version="1.0" encoding="UTF-8"?>
<testng-results skipped="0" failed="1" ignored="0" total="2" passed="1">
  <reporter-output>
    <line>
      <![CDATA[A aplicação foi iniciada com sucesso]]>
    </line>
    <line>
      <![CDATA[A aplicação foi iniciada com sucesso]]>
    </line>
    <line>
      <![CDATA[O produto foi inserido no carrinho com sucesso]]>
    </line>
  </reporter-output>
  <suite name="Default suite" duration-ms="31118" started-at="2020-01-14T14:49:35 BRT" finished-at="2020-01-14T14:50:06 BRT">
    <groups>
    </groups>
    <test name="Default test" duration-ms="31118" started-at="2020-01-14T14:49:35 BRT" finished-at="2020-01-14T14:50:06 BRT">
      <class name="br.com.rsinet.hub_TDD.testes.TesteBuscaClique">
        <test-method status="PASS" signature="configuracoes()[pri:0, instance:br.com.rsinet.hub_TDD.testes.TesteBuscaClique@26a7b76d]" name="configuracoes" is-config="true" duration-ms="11415" started-at="2020-01-14T14:49:35 BRT" finished-at="2020-01-14T14:49:47 BRT">
          <reporter-output>
            <line>
              <![CDATA[A aplicação foi iniciada com sucesso]]>
            </line>
          </reporter-output>
        </test-method> <!-- configuracoes -->
        <test-method status="FAIL" signature="testaBuscaCliqueInvalido()[pri:0, instance:br.com.rsinet.hub_TDD.testes.TesteBuscaClique@26a7b76d]" name="testaBuscaCliqueInvalido" duration-ms="3411" started-at="2020-01-14T14:49:47 BRT" finished-at="2020-01-14T14:49:50 BRT">
          <exception class="org.openqa.selenium.ElementNotInteractableException">
            <message>
              <![CDATA[element not interactable
  (Session info: chrome=79.0.3945.117)
Build info: version: '3.141.59', revision: 'e82be7d358', time: '2018-11-14T08:17:03'
System info: host: 'RSI1505', ip: '10.1.11.154', os.name: 'Windows 10', os.arch: 'amd64', os.version: '10.0', java.version: '1.8.0_231'
Driver info: org.openqa.selenium.chrome.ChromeDriver
Capabilities {acceptInsecureCerts: false, browserName: chrome, browserVersion: 79.0.3945.117, chrome: {chromedriverVersion: 79.0.3945.36 (3582db32b3389..., userDataDir: C:\Users\GABRIE~1.NOM\AppDa...}, goog:chromeOptions: {debuggerAddress: localhost:55336}, javascriptEnabled: true, networkConnectionEnabled: false, pageLoadStrategy: normal, platform: WINDOWS, platformName: WINDOWS, proxy: Proxy(), setWindowRect: true, strictFileInteractability: false, timeouts: {implicit: 0, pageLoad: 300000, script: 30000}, unhandledPromptBehavior: dismiss and notify}
Session ID: 61b7b1a29689d8739ef075de5afbd650]]>
            </message>
            <full-stacktrace>
              <![CDATA[org.openqa.selenium.ElementNotInteractableException: element not interactable
  (Session info: chrome=79.0.3945.117)
Build info: version: '3.141.59', revision: 'e82be7d358', time: '2018-11-14T08:17:03'
System info: host: 'RSI1505', ip: '10.1.11.154', os.name: 'Windows 10', os.arch: 'amd64', os.version: '10.0', java.version: '1.8.0_231'
Driver info: org.openqa.selenium.chrome.ChromeDriver
Capabilities {acceptInsecureCerts: false, browserName: chrome, browserVersion: 79.0.3945.117, chrome: {chromedriverVersion: 79.0.3945.36 (3582db32b3389..., userDataDir: C:\Users\GABRIE~1.NOM\AppDa...}, goog:chromeOptions: {debuggerAddress: localhost:55336}, javascriptEnabled: true, networkConnectionEnabled: false, pageLoadStrategy: normal, platform: WINDOWS, platformName: WINDOWS, proxy: Proxy(), setWindowRect: true, strictFileInteractability: false, timeouts: {implicit: 0, pageLoad: 300000, script: 30000}, unhandledPromptBehavior: dismiss and notify}
Session ID: 61b7b1a29689d8739ef075de5afbd650
at sun.reflect.NativeConstructorAccessorImpl.newInstance0(Native Method)
at sun.reflect.NativeConstructorAccessorImpl.newInstance(Unknown Source)
at sun.reflect.DelegatingConstructorAccessorImpl.newInstance(Unknown Source)
at java.lang.reflect.Constructor.newInstance(Unknown Source)
at org.openqa.selenium.remote.http.W3CHttpResponseCodec.createException(W3CHttpResponseCodec.java:187)
at org.openqa.selenium.remote.http.W3CHttpResponseCodec.decode(W3CHttpResponseCodec.java:122)
at org.openqa.selenium.remote.http.W3CHttpResponseCodec.decode(W3CHttpResponseCodec.java:49)
at org.openqa.selenium.remote.HttpCommandExecutor.execute(HttpCommandExecutor.java:158)
at org.openqa.selenium.remote.service.DriverCommandExecutor.execute(DriverCommandExecutor.java:83)
at org.openqa.selenium.remote.RemoteWebDriver.execute(RemoteWebDriver.java:552)
at org.openqa.selenium.remote.RemoteWebElement.execute(RemoteWebElement.java:285)
at org.openqa.selenium.remote.RemoteWebElement.sendKeys(RemoteWebElement.java:106)
at br.com.rsinet.hub_TDD.testes.TesteBuscaClique.testaBuscaCliqueInvalido(TesteBuscaClique.java:91)
at sun.reflect.NativeMethodAccessorImpl.invoke0(Native Method)
at sun.reflect.NativeMethodAccessorImpl.invoke(Unknown Source)
at sun.reflect.DelegatingMethodAccessorImpl.invoke(Unknown Source)
at java.lang.reflect.Method.invoke(Unknown Source)
at org.testng.internal.MethodInvocationHelper.invokeMethod(MethodInvocationHelper.java:133)
at org.testng.internal.TestInvoker.invokeMethod(TestInvoker.java:584)
at org.testng.internal.TestInvoker.invokeTestMethod(TestInvoker.java:172)
at org.testng.internal.MethodRunner.runInSequence(MethodRunner.java:46)
at org.testng.internal.TestInvoker$MethodInvocationAgent.invoke(TestInvoker.java:804)
at org.testng.internal.TestInvoker.invokeTestMethods(TestInvoker.java:145)
at org.testng.internal.TestMethodWorker.invokeTestMethods(TestMethodWorker.java:146)
at org.testng.internal.TestMethodWorker.run(TestMethodWorker.java:128)
at java.util.ArrayList.forEach(Unknown Source)
at org.testng.TestRunner.privateRun(TestRunner.java:770)
at org.testng.TestRunner.run(TestRunner.java:591)
at org.testng.SuiteRunner.runTest(SuiteRunner.java:402)
at org.testng.SuiteRunner.runSequentially(SuiteRunner.java:396)
at org.testng.SuiteRunner.privateRun(SuiteRunner.java:355)
at org.testng.SuiteRunner.run(SuiteRunner.java:304)
at org.testng.SuiteRunnerWorker.runSuite(SuiteRunnerWorker.java:53)
at org.testng.SuiteRunnerWorker.run(SuiteRunnerWorker.java:96)
at org.testng.TestNG.runSuitesSequentially(TestNG.java:1180)
at org.testng.TestNG.runSuitesLocally(TestNG.java:1102)
at org.testng.TestNG.runSuites(TestNG.java:1032)
at org.testng.TestNG.run(TestNG.java:1000)
at org.testng.remote.AbstractRemoteTestNG.run(AbstractRemoteTestNG.java:115)
at org.testng.remote.RemoteTestNG.initAndRun(RemoteTestNG.java:251)
at org.testng.remote.RemoteTestNG.main(RemoteTestNG.java:77)
]]>
            </full-stacktrace>
          </exception> <!-- org.openqa.selenium.ElementNotInteractableException -->
          <reporter-output>
          </reporter-output>
        </test-method> <!-- testaBuscaCliqueInvalido -->
        <test-method status="PASS" signature="encerra()[pri:0, instance:br.com.rsinet.hub_TDD.testes.TesteBuscaClique@26a7b76d]" name="encerra" is-config="true" duration-ms="62" started-at="2020-01-14T14:49:50 BRT" finished-at="2020-01-14T14:49:50 BRT">
          <reporter-output>
          </reporter-output>
        </test-method> <!-- encerra -->
        <test-method status="PASS" signature="configuracoes()[pri:0, instance:br.com.rsinet.hub_TDD.testes.TesteBuscaClique@26a7b76d]" name="configuracoes" is-config="true" duration-ms="10198" started-at="2020-01-14T14:49:50 BRT" finished-at="2020-01-14T14:50:00 BRT">
          <reporter-output>
            <line>
              <![CDATA[A aplicação foi iniciada com sucesso]]>
            </line>
          </reporter-output>
        </test-method> <!-- configuracoes -->
        <test-method status="PASS" signature="testaBuscaCliqueValido()[pri:0, instance:br.com.rsinet.hub_TDD.testes.TesteBuscaClique@26a7b76d]" name="testaBuscaCliqueValido" duration-ms="5935" started-at="2020-01-14T14:50:00 BRT" finished-at="2020-01-14T14:50:06 BRT">
          <reporter-output>
            <line>
              <![CDATA[O produto foi inserido no carrinho com sucesso]]>
            </line>
          </reporter-output>
        </test-method> <!-- testaBuscaCliqueValido -->
        <test-method status="PASS" signature="encerra()[pri:0, instance:br.com.rsinet.hub_TDD.testes.TesteBuscaClique@26a7b76d]" name="encerra" is-config="true" duration-ms="62" started-at="2020-01-14T14:50:06 BRT" finished-at="2020-01-14T14:50:06 BRT">
          <reporter-output>
          </reporter-output>
        </test-method> <!-- encerra -->
      </class> <!-- br.com.rsinet.hub_TDD.testes.TesteBuscaClique -->
    </test> <!-- Default test -->
  </suite> <!-- Default suite -->
</testng-results>
