<?xml version="1.0" encoding="UTF-8"?>
<testng-results skipped="0" failed="2" ignored="0" total="2" passed="0">
  <reporter-output>
    <line>
      <![CDATA[ A aplicação foi iniciada com sucesso |]]>
    </line>
    <line>
      <![CDATA[ A aplicação foi iniciada com sucesso |]]>
    </line>
    <line>
      <![CDATA[ A página é deslizada para que o elemento desejado fique visível |]]>
    </line>
    <line>
      <![CDATA[ A aplicação foi iniciada com sucesso |]]>
    </line>
    <line>
      <![CDATA[ A aplicação foi iniciada com sucesso |]]>
    </line>
    <line>
      <![CDATA[O campo de busca recebeu os parâmetros enviados |]]>
    </line>
  </reporter-output>
  <suite name="Default suite" duration-ms="40378" started-at="2020-01-17T17:06:38 BRT" finished-at="2020-01-17T17:07:18 BRT">
    <groups>
    </groups>
    <test name="Default test" duration-ms="40378" started-at="2020-01-17T17:06:38 BRT" finished-at="2020-01-17T17:07:18 BRT">
      <class name="br.com.rsinet.hub_TDD.testes.TestBuscaLupa">
        <test-method status="PASS" signature="configura()[pri:0, instance:br.com.rsinet.hub_TDD.testes.TestBuscaLupa@6b57696f]" name="configura" is-config="true" duration-ms="11377" started-at="2020-01-17T17:06:38 BRT" finished-at="2020-01-17T17:06:49 BRT">
          <reporter-output>
            <line>
              <![CDATA[ A aplicação foi iniciada com sucesso |]]>
            </line>
          </reporter-output>
        </test-method> <!-- configura -->
        <test-method status="FAIL" signature="testaBuscaLupaInvalido()[pri:0, instance:br.com.rsinet.hub_TDD.testes.TestBuscaLupa@6b57696f]" name="testaBuscaLupaInvalido" duration-ms="3540" started-at="2020-01-17T17:06:49 BRT" finished-at="2020-01-17T17:06:53 BRT">
          <exception class="java.lang.Error">
            <message>
              <![CDATA[Unresolved compilation problem: 
The field HomePage_POF.busca is not visible
]]>
            </message>
            <full-stacktrace>
              <![CDATA[java.lang.Error: Unresolved compilation problem: 
The field HomePage_POF.busca is not visible

at br.com.rsinet.hub_TDD.modulos.ModuloBusca.executa(ModuloBusca.java:28)
at br.com.rsinet.hub_TDD.testes.TestBuscaLupa.testaBuscaLupaInvalido(TestBuscaLupa.java:108)
at sun.reflect.NativeMethodAccessorImpl.invoke0(Native Method)
at sun.reflect.NativeMethodAccessorImpl.invoke(Unknown Source)
at sun.reflect.DelegatingMethodAccessorImpl.invoke(Unknown Source)
at java.lang.reflect.Method.invoke(Unknown Source)
at org.testng.internal.MethodInvocationHelper.invokeMethod(MethodInvocationHelper.java:133)
at org.testng.internal.TestInvoker.invokeMethod(TestInvoker.java:584)
at org.testng.internal.TestInvoker.invokeTestMethod(TestInvoker.java:172)
at org.testng.internal.MethodRunner.runInSequence(MethodRunner.java:46)
at org.testng.internal.TestInvoker$MethodInvocationAgent.invoke(TestInvoker.java:804)
at org.testng.internal.TestInvoker.invokeTestMethods(TestInvoker.java:145)
at org.testng.internal.TestMethodWorker.invokeTestMethods(TestMethodWorker.java:146)
at org.testng.internal.TestMethodWorker.run(TestMethodWorker.java:128)
at java.util.ArrayList.forEach(Unknown Source)
at org.testng.TestRunner.privateRun(TestRunner.java:770)
at org.testng.TestRunner.run(TestRunner.java:591)
at org.testng.SuiteRunner.runTest(SuiteRunner.java:402)
at org.testng.SuiteRunner.runSequentially(SuiteRunner.java:396)
at org.testng.SuiteRunner.privateRun(SuiteRunner.java:355)
at org.testng.SuiteRunner.run(SuiteRunner.java:304)
at org.testng.SuiteRunnerWorker.runSuite(SuiteRunnerWorker.java:53)
at org.testng.SuiteRunnerWorker.run(SuiteRunnerWorker.java:96)
at org.testng.TestNG.runSuitesSequentially(TestNG.java:1180)
at org.testng.TestNG.runSuitesLocally(TestNG.java:1102)
at org.testng.TestNG.runSuites(TestNG.java:1032)
at org.testng.TestNG.run(TestNG.java:1000)
at org.testng.remote.AbstractRemoteTestNG.run(AbstractRemoteTestNG.java:115)
at org.testng.remote.RemoteTestNG.initAndRun(RemoteTestNG.java:251)
at org.testng.remote.RemoteTestNG.main(RemoteTestNG.java:77)
]]>
            </full-stacktrace>
          </exception> <!-- java.lang.Error -->
          <reporter-output>
            <line>
              <![CDATA[ A aplicação foi iniciada com sucesso |]]>
            </line>
            <line>
              <![CDATA[ A página é deslizada para que o elemento desejado fique visível |]]>
            </line>
          </reporter-output>
        </test-method> <!-- testaBuscaLupaInvalido -->
        <test-method status="PASS" signature="encerra()[pri:0, instance:br.com.rsinet.hub_TDD.testes.TestBuscaLupa@6b57696f]" name="encerra" is-config="true" duration-ms="4322" started-at="2020-01-17T17:06:53 BRT" finished-at="2020-01-17T17:06:57 BRT">
          <reporter-output>
          </reporter-output>
        </test-method> <!-- encerra -->
        <test-method status="PASS" signature="configura()[pri:0, instance:br.com.rsinet.hub_TDD.testes.TestBuscaLupa@6b57696f]" name="configura" is-config="true" duration-ms="10037" started-at="2020-01-17T17:06:57 BRT" finished-at="2020-01-17T17:07:07 BRT">
          <reporter-output>
            <line>
              <![CDATA[ A aplicação foi iniciada com sucesso |]]>
            </line>
          </reporter-output>
        </test-method> <!-- configura -->
        <test-method status="FAIL" signature="testaBuscaLupaValido()[pri:1, instance:br.com.rsinet.hub_TDD.testes.TestBuscaLupa@6b57696f]" name="testaBuscaLupaValido" duration-ms="11003" started-at="2020-01-17T17:07:07 BRT" finished-at="2020-01-17T17:07:18 BRT">
          <exception class="org.openqa.selenium.NoSuchElementException">
            <message>
              <![CDATA[no such element: Unable to locate element: {"method":"xpath","selector":"//*[@id="16"]"}
  (Session info: chrome=79.0.3945.117)
For documentation on this error, please visit: https://www.seleniumhq.org/exceptions/no_such_element.html
Build info: version: '3.141.59', revision: 'e82be7d358', time: '2018-11-14T08:17:03'
System info: host: 'RSI1505', ip: '10.1.11.154', os.name: 'Windows 10', os.arch: 'amd64', os.version: '10.0', java.version: '1.8.0_231'
Driver info: org.openqa.selenium.chrome.ChromeDriver
Capabilities {acceptInsecureCerts: false, browserName: chrome, browserVersion: 79.0.3945.117, chrome: {chromedriverVersion: 79.0.3945.36 (3582db32b3389..., userDataDir: C:\Users\GABRIE~1.NOM\AppDa...}, goog:chromeOptions: {debuggerAddress: localhost:50884}, javascriptEnabled: true, networkConnectionEnabled: false, pageLoadStrategy: normal, platform: WINDOWS, platformName: WINDOWS, proxy: Proxy(), setWindowRect: true, strictFileInteractability: false, timeouts: {implicit: 0, pageLoad: 300000, script: 30000}, unhandledPromptBehavior: dismiss and notify}
Session ID: b30d45a97d720c3d2217617be406e520
*** Element info: {Using=xpath, value=//*[@id="16"]}]]>
            </message>
            <full-stacktrace>
              <![CDATA[org.openqa.selenium.NoSuchElementException: no such element: Unable to locate element: {"method":"xpath","selector":"//*[@id="16"]"}
  (Session info: chrome=79.0.3945.117)
For documentation on this error, please visit: https://www.seleniumhq.org/exceptions/no_such_element.html
Build info: version: '3.141.59', revision: 'e82be7d358', time: '2018-11-14T08:17:03'
System info: host: 'RSI1505', ip: '10.1.11.154', os.name: 'Windows 10', os.arch: 'amd64', os.version: '10.0', java.version: '1.8.0_231'
Driver info: org.openqa.selenium.chrome.ChromeDriver
Capabilities {acceptInsecureCerts: false, browserName: chrome, browserVersion: 79.0.3945.117, chrome: {chromedriverVersion: 79.0.3945.36 (3582db32b3389..., userDataDir: C:\Users\GABRIE~1.NOM\AppDa...}, goog:chromeOptions: {debuggerAddress: localhost:50884}, javascriptEnabled: true, networkConnectionEnabled: false, pageLoadStrategy: normal, platform: WINDOWS, platformName: WINDOWS, proxy: Proxy(), setWindowRect: true, strictFileInteractability: false, timeouts: {implicit: 0, pageLoad: 300000, script: 30000}, unhandledPromptBehavior: dismiss and notify}
Session ID: b30d45a97d720c3d2217617be406e520
*** Element info: {Using=xpath, value=//*[@id="16"]}
at sun.reflect.NativeConstructorAccessorImpl.newInstance0(Native Method)
at sun.reflect.NativeConstructorAccessorImpl.newInstance(Unknown Source)
at sun.reflect.DelegatingConstructorAccessorImpl.newInstance(Unknown Source)
at java.lang.reflect.Constructor.newInstance(Unknown Source)
at org.openqa.selenium.remote.http.W3CHttpResponseCodec.createException(W3CHttpResponseCodec.java:187)
at org.openqa.selenium.remote.http.W3CHttpResponseCodec.decode(W3CHttpResponseCodec.java:122)
at org.openqa.selenium.remote.http.W3CHttpResponseCodec.decode(W3CHttpResponseCodec.java:49)
at org.openqa.selenium.remote.HttpCommandExecutor.execute(HttpCommandExecutor.java:158)
at org.openqa.selenium.remote.service.DriverCommandExecutor.execute(DriverCommandExecutor.java:83)
at org.openqa.selenium.remote.RemoteWebDriver.execute(RemoteWebDriver.java:552)
at org.openqa.selenium.remote.RemoteWebDriver.findElement(RemoteWebDriver.java:323)
at org.openqa.selenium.remote.RemoteWebDriver.findElementByXPath(RemoteWebDriver.java:428)
at org.openqa.selenium.By$ByXPath.findElement(By.java:353)
at org.openqa.selenium.remote.RemoteWebDriver.findElement(RemoteWebDriver.java:315)
at br.com.rsinet.hub_TDD.testes.TestBuscaLupa.testaBuscaLupaValido(TestBuscaLupa.java:72)
at sun.reflect.NativeMethodAccessorImpl.invoke0(Native Method)
at sun.reflect.NativeMethodAccessorImpl.invoke(Unknown Source)
at sun.reflect.DelegatingMethodAccessorImpl.invoke(Unknown Source)
at java.lang.reflect.Method.invoke(Unknown Source)
at org.testng.internal.MethodInvocationHelper.invokeMethod(MethodInvocationHelper.java:133)
at org.testng.internal.TestInvoker.invokeMethod(TestInvoker.java:584)
at org.testng.internal.TestInvoker.invokeTestMethod(TestInvoker.java:172)
at org.testng.internal.MethodRunner.runInSequence(MethodRunner.java:46)
at org.testng.internal.TestInvoker$MethodInvocationAgent.invoke(TestInvoker.java:804)
at org.testng.internal.TestInvoker.invokeTestMethods(TestInvoker.java:145)
at org.testng.internal.TestMethodWorker.invokeTestMethods(TestMethodWorker.java:146)
at org.testng.internal.TestMethodWorker.run(TestMethodWorker.java:128)
at java.util.ArrayList.forEach(Unknown Source)
at org.testng.TestRunner.privateRun(TestRunner.java:770)
at org.testng.TestRunner.run(TestRunner.java:591)
at org.testng.SuiteRunner.runTest(SuiteRunner.java:402)
at org.testng.SuiteRunner.runSequentially(SuiteRunner.java:396)
at org.testng.SuiteRunner.privateRun(SuiteRunner.java:355)
at org.testng.SuiteRunner.run(SuiteRunner.java:304)
at org.testng.SuiteRunnerWorker.runSuite(SuiteRunnerWorker.java:53)
at org.testng.SuiteRunnerWorker.run(SuiteRunnerWorker.java:96)
at org.testng.TestNG.runSuitesSequentially(TestNG.java:1180)
at org.testng.TestNG.runSuitesLocally(TestNG.java:1102)
at org.testng.TestNG.runSuites(TestNG.java:1032)
at org.testng.TestNG.run(TestNG.java:1000)
at org.testng.remote.AbstractRemoteTestNG.run(AbstractRemoteTestNG.java:115)
at org.testng.remote.RemoteTestNG.initAndRun(RemoteTestNG.java:251)
at org.testng.remote.RemoteTestNG.main(RemoteTestNG.java:77)
]]>
            </full-stacktrace>
          </exception> <!-- org.openqa.selenium.NoSuchElementException -->
          <reporter-output>
            <line>
              <![CDATA[ A aplicação foi iniciada com sucesso |]]>
            </line>
            <line>
              <![CDATA[O campo de busca recebeu os parâmetros enviados |]]>
            </line>
          </reporter-output>
        </test-method> <!-- testaBuscaLupaValido -->
        <test-method status="PASS" signature="encerra()[pri:0, instance:br.com.rsinet.hub_TDD.testes.TestBuscaLupa@6b57696f]" name="encerra" is-config="true" duration-ms="65" started-at="2020-01-17T17:07:18 BRT" finished-at="2020-01-17T17:07:18 BRT">
          <reporter-output>
          </reporter-output>
        </test-method> <!-- encerra -->
      </class> <!-- br.com.rsinet.hub_TDD.testes.TestBuscaLupa -->
    </test> <!-- Default test -->
  </suite> <!-- Default suite -->
</testng-results>
