<?xml version="1.0" encoding="UTF-8"?>
<testng-results skipped="0" failed="0" ignored="0" total="6" passed="6">
  <reporter-output>
    <line>
      <![CDATA[ A aplicação foi iniciada com sucesso |]]>
    </line>
    <line>
      <![CDATA[O campo de busca recebeu os parâmetros enviados |]]>
    </line>
    <line>
      <![CDATA[ A busca pela lupa não retornou o resultado esperado | ]]>
    </line>
    <line>
      <![CDATA[ O teste foi finalizado ]]>
    </line>
    <line>
      <![CDATA[ A aplicação foi iniciada com sucesso |]]>
    </line>
    <line>
      <![CDATA[O campo de busca recebeu os parâmetros enviados |]]>
    </line>
    <line>
      <![CDATA[A aplicação retornou o produto pesquisado |]]>
    </line>
    <line>
      <![CDATA[A busca pela lupa foi realizada com sucesso]]>
    </line>
    <line>
      <![CDATA[ O teste foi finalizado ]]>
    </line>
    <line>
      <![CDATA[ A aplicação foi iniciada com sucesso |]]>
    </line>
    <line>
      <![CDATA[Os comandos de cliques foram executados com sucesso |]]>
    </line>
    <line>
      <![CDATA[ O produto selecionado foi inserido no carrinho com sucesso |]]>
    </line>
    <line>
      <![CDATA[O produto inserido no carrinho é divergente do produto selecionado na tela inicial |]]>
    </line>
    <line>
      <![CDATA[O teste foi finalizado.]]>
    </line>
    <line>
      <![CDATA[ A aplicação foi iniciada com sucesso |]]>
    </line>
    <line>
      <![CDATA[Os comandos de cliques foram executados com sucesso |]]>
    </line>
    <line>
      <![CDATA[O produto foi inserido no carrinho corretamente]]>
    </line>
    <line>
      <![CDATA[O teste foi finalizado. ]]>
    </line>
    <line>
      <![CDATA[ A aplicação foi iniciada com sucesso |]]>
    </line>
    <line>
      <![CDATA[ A página de criação de novo usuário foi acessada |]]>
    </line>
    <line>
      <![CDATA[Os dados foram preenchidos com informações válidas]]>
    </line>
    <line>
      <![CDATA[Um novo usuário foi cadastrado com sucesso |]]>
    </line>
    <line>
      <![CDATA[O teste foi finalizado ]]>
    </line>
    <line>
      <![CDATA[ A aplicação foi iniciada com sucesso |]]>
    </line>
    <line>
      <![CDATA[ A página de criação de novo usuário foi acessada |]]>
    </line>
    <line>
      <![CDATA[Os dados foram preenchidos com um nome de usuario ja cadastrado]]>
    </line>
    <line>
      <![CDATA[O usuário não foi cadastrado |]]>
    </line>
    <line>
      <![CDATA[ O teste foi finalizado ]]>
    </line>
  </reporter-output>
  <suite name="Teste - TDD" duration-ms="115065" started-at="2020-01-28T14:17:36 BRT" finished-at="2020-01-28T14:19:31 BRT">
    <groups>
    </groups>
    <test name="Funcionalidade busca pela lupa" duration-ms="28530" started-at="2020-01-28T14:17:36 BRT" finished-at="2020-01-28T14:18:05 BRT">
      <class name="br.com.rsinet.hub_TDD.testes.TestBuscaLupa">
        <test-method status="PASS" signature="configura()[pri:0, instance:br.com.rsinet.hub_TDD.testes.TestBuscaLupa@6b57696f]" name="configura" is-config="true" duration-ms="11333" started-at="2020-01-28T14:17:36 BRT" finished-at="2020-01-28T14:17:47 BRT">
          <reporter-output>
          </reporter-output>
        </test-method> <!-- configura -->
        <test-method status="PASS" signature="testaBuscaLupaInvalido()[pri:0, instance:br.com.rsinet.hub_TDD.testes.TestBuscaLupa@6b57696f]" name="testaBuscaLupaInvalido" duration-ms="3591" started-at="2020-01-28T14:17:47 BRT" finished-at="2020-01-28T14:17:51 BRT">
          <reporter-output>
            <line>
              <![CDATA[ A aplicação foi iniciada com sucesso |]]>
            </line>
            <line>
              <![CDATA[O campo de busca recebeu os parâmetros enviados |]]>
            </line>
            <line>
              <![CDATA[ A busca pela lupa não retornou o resultado esperado | ]]>
            </line>
            <line>
              <![CDATA[ O teste foi finalizado ]]>
            </line>
          </reporter-output>
        </test-method> <!-- testaBuscaLupaInvalido -->
        <test-method status="PASS" signature="encerra()[pri:0, instance:br.com.rsinet.hub_TDD.testes.TestBuscaLupa@6b57696f]" name="encerra" is-config="true" duration-ms="56" started-at="2020-01-28T14:17:51 BRT" finished-at="2020-01-28T14:17:51 BRT">
          <reporter-output>
          </reporter-output>
        </test-method> <!-- encerra -->
        <test-method status="PASS" signature="configura()[pri:0, instance:br.com.rsinet.hub_TDD.testes.TestBuscaLupa@6b57696f]" name="configura" is-config="true" duration-ms="10210" started-at="2020-01-28T14:17:51 BRT" finished-at="2020-01-28T14:18:01 BRT">
          <reporter-output>
          </reporter-output>
        </test-method> <!-- configura -->
        <test-method status="PASS" signature="testaBuscaLupaValido()[pri:0, instance:br.com.rsinet.hub_TDD.testes.TestBuscaLupa@6b57696f]" name="testaBuscaLupaValido" duration-ms="3250" started-at="2020-01-28T14:18:01 BRT" finished-at="2020-01-28T14:18:04 BRT">
          <reporter-output>
            <line>
              <![CDATA[ A aplicação foi iniciada com sucesso |]]>
            </line>
            <line>
              <![CDATA[O campo de busca recebeu os parâmetros enviados |]]>
            </line>
            <line>
              <![CDATA[A aplicação retornou o produto pesquisado |]]>
            </line>
            <line>
              <![CDATA[A busca pela lupa foi realizada com sucesso]]>
            </line>
            <line>
              <![CDATA[ O teste foi finalizado ]]>
            </line>
          </reporter-output>
        </test-method> <!-- testaBuscaLupaValido -->
        <test-method status="PASS" signature="encerra()[pri:0, instance:br.com.rsinet.hub_TDD.testes.TestBuscaLupa@6b57696f]" name="encerra" is-config="true" duration-ms="53" started-at="2020-01-28T14:18:04 BRT" finished-at="2020-01-28T14:18:05 BRT">
          <reporter-output>
          </reporter-output>
        </test-method> <!-- encerra -->
      </class> <!-- br.com.rsinet.hub_TDD.testes.TestBuscaLupa -->
    </test> <!-- Funcionalidade busca pela lupa -->
    <test name="Funcionalidade busca por clique" duration-ms="32295" started-at="2020-01-28T14:18:05 BRT" finished-at="2020-01-28T14:18:37 BRT">
      <class name="br.com.rsinet.hub_TDD.testes.TesteBuscaClique">
        <test-method status="PASS" signature="configura()[pri:0, instance:br.com.rsinet.hub_TDD.testes.TesteBuscaClique@63440df3]" name="configura" is-config="true" duration-ms="10164" started-at="2020-01-28T14:18:05 BRT" finished-at="2020-01-28T14:18:15 BRT">
          <reporter-output>
          </reporter-output>
        </test-method> <!-- configura -->
        <test-method status="PASS" signature="testaBuscaCliqueInvalido()[pri:0, instance:br.com.rsinet.hub_TDD.testes.TesteBuscaClique@63440df3]" name="testaBuscaCliqueInvalido" duration-ms="5181" started-at="2020-01-28T14:18:15 BRT" finished-at="2020-01-28T14:18:20 BRT">
          <reporter-output>
            <line>
              <![CDATA[ A aplicação foi iniciada com sucesso |]]>
            </line>
            <line>
              <![CDATA[Os comandos de cliques foram executados com sucesso |]]>
            </line>
            <line>
              <![CDATA[ O produto selecionado foi inserido no carrinho com sucesso |]]>
            </line>
            <line>
              <![CDATA[O produto inserido no carrinho é divergente do produto selecionado na tela inicial |]]>
            </line>
            <line>
              <![CDATA[O teste foi finalizado.]]>
            </line>
          </reporter-output>
        </test-method> <!-- testaBuscaCliqueInvalido -->
        <test-method status="PASS" signature="encerra()[pri:0, instance:br.com.rsinet.hub_TDD.testes.TesteBuscaClique@63440df3]" name="encerra" is-config="true" duration-ms="54" started-at="2020-01-28T14:18:20 BRT" finished-at="2020-01-28T14:18:20 BRT">
          <reporter-output>
          </reporter-output>
        </test-method> <!-- encerra -->
        <test-method status="PASS" signature="configura()[pri:0, instance:br.com.rsinet.hub_TDD.testes.TesteBuscaClique@63440df3]" name="configura" is-config="true" duration-ms="10173" started-at="2020-01-28T14:18:20 BRT" finished-at="2020-01-28T14:18:30 BRT">
          <reporter-output>
          </reporter-output>
        </test-method> <!-- configura -->
        <test-method status="PASS" signature="testaBuscaCliqueValido()[pri:0, instance:br.com.rsinet.hub_TDD.testes.TesteBuscaClique@63440df3]" name="testaBuscaCliqueValido" duration-ms="6670" started-at="2020-01-28T14:18:30 BRT" finished-at="2020-01-28T14:18:37 BRT">
          <reporter-output>
            <line>
              <![CDATA[ A aplicação foi iniciada com sucesso |]]>
            </line>
            <line>
              <![CDATA[Os comandos de cliques foram executados com sucesso |]]>
            </line>
            <line>
              <![CDATA[O produto foi inserido no carrinho corretamente]]>
            </line>
            <line>
              <![CDATA[O teste foi finalizado. ]]>
            </line>
          </reporter-output>
        </test-method> <!-- testaBuscaCliqueValido -->
        <test-method status="PASS" signature="encerra()[pri:0, instance:br.com.rsinet.hub_TDD.testes.TesteBuscaClique@63440df3]" name="encerra" is-config="true" duration-ms="51" started-at="2020-01-28T14:18:37 BRT" finished-at="2020-01-28T14:18:37 BRT">
          <reporter-output>
          </reporter-output>
        </test-method> <!-- encerra -->
      </class> <!-- br.com.rsinet.hub_TDD.testes.TesteBuscaClique -->
    </test> <!-- Funcionalidade busca por clique -->
    <test name="Funcionalidade de cadastro" duration-ms="54138" started-at="2020-01-28T14:18:37 BRT" finished-at="2020-01-28T14:19:31 BRT">
      <class name="br.com.rsinet.hub_TDD.testes.TesteCadastro">
        <test-method status="PASS" signature="configura()[pri:0, instance:br.com.rsinet.hub_TDD.testes.TesteCadastro@eafc191]" name="configura" is-config="true" duration-ms="10350" started-at="2020-01-28T14:18:37 BRT" finished-at="2020-01-28T14:18:47 BRT">
          <reporter-output>
          </reporter-output>
        </test-method> <!-- configura -->
        <test-method status="PASS" signature="testeCadastroValido()[pri:0, instance:br.com.rsinet.hub_TDD.testes.TesteCadastro@eafc191]" name="testeCadastroValido" duration-ms="10239" started-at="2020-01-28T14:18:47 BRT" finished-at="2020-01-28T14:18:58 BRT">
          <reporter-output>
            <line>
              <![CDATA[ A aplicação foi iniciada com sucesso |]]>
            </line>
            <line>
              <![CDATA[ A página de criação de novo usuário foi acessada |]]>
            </line>
            <line>
              <![CDATA[Os dados foram preenchidos com informações válidas]]>
            </line>
            <line>
              <![CDATA[Um novo usuário foi cadastrado com sucesso |]]>
            </line>
            <line>
              <![CDATA[O teste foi finalizado ]]>
            </line>
          </reporter-output>
        </test-method> <!-- testeCadastroValido -->
        <test-method status="PASS" signature="encerra()[pri:0, instance:br.com.rsinet.hub_TDD.testes.TesteCadastro@eafc191]" name="encerra" is-config="true" duration-ms="52" started-at="2020-01-28T14:18:58 BRT" finished-at="2020-01-28T14:18:58 BRT">
          <reporter-output>
          </reporter-output>
        </test-method> <!-- encerra -->
        <test-method status="PASS" signature="configura()[pri:0, instance:br.com.rsinet.hub_TDD.testes.TesteCadastro@eafc191]" name="configura" is-config="true" duration-ms="10335" started-at="2020-01-28T14:18:58 BRT" finished-at="2020-01-28T14:19:08 BRT">
          <reporter-output>
          </reporter-output>
        </test-method> <!-- configura -->
        <test-method status="PASS" signature="testeCadastroInvalido()[pri:1, instance:br.com.rsinet.hub_TDD.testes.TesteCadastro@eafc191]" name="testeCadastroInvalido" duration-ms="23111" started-at="2020-01-28T14:19:08 BRT" finished-at="2020-01-28T14:19:31 BRT">
          <reporter-output>
            <line>
              <![CDATA[ A aplicação foi iniciada com sucesso |]]>
            </line>
            <line>
              <![CDATA[ A página de criação de novo usuário foi acessada |]]>
            </line>
            <line>
              <![CDATA[Os dados foram preenchidos com um nome de usuario ja cadastrado]]>
            </line>
            <line>
              <![CDATA[O usuário não foi cadastrado |]]>
            </line>
            <line>
              <![CDATA[ O teste foi finalizado ]]>
            </line>
          </reporter-output>
        </test-method> <!-- testeCadastroInvalido -->
        <test-method status="PASS" signature="encerra()[pri:0, instance:br.com.rsinet.hub_TDD.testes.TesteCadastro@eafc191]" name="encerra" is-config="true" duration-ms="44" started-at="2020-01-28T14:19:31 BRT" finished-at="2020-01-28T14:19:31 BRT">
          <reporter-output>
          </reporter-output>
        </test-method> <!-- encerra -->
      </class> <!-- br.com.rsinet.hub_TDD.testes.TesteCadastro -->
    </test> <!-- Funcionalidade de cadastro -->
  </suite> <!-- Teste - TDD -->
</testng-results>
