<?xml version="1.0" encoding="UTF-8"?>
<testng-results skipped="0" failed="0" ignored="0" total="2" passed="2">
  <reporter-output>
    <line>
      <![CDATA[ A aplicação foi iniciada com sucesso]]>
    </line>
    <line>
      <![CDATA[Um novo usuário foi cadastrado com sucesso]]>
    </line>
  </reporter-output>
  <suite name="Default suite" duration-ms="38058" started-at="2020-01-15T11:46:45 BRT" finished-at="2020-01-15T11:47:23 BRT">
    <groups>
    </groups>
    <test name="Default test" duration-ms="38058" started-at="2020-01-15T11:46:45 BRT" finished-at="2020-01-15T11:47:23 BRT">
      <class name="br.com.rsinet.hub_TDD.testes.TesteCadastro">
        <test-method status="PASS" signature="configuracoes()[pri:0, instance:br.com.rsinet.hub_TDD.testes.TesteCadastro@26a7b76d]" name="configuracoes" is-config="true" duration-ms="11468" started-at="2020-01-15T11:46:45 BRT" finished-at="2020-01-15T11:46:56 BRT">
          <reporter-output>
          </reporter-output>
        </test-method> <!-- configuracoes -->
        <test-method status="PASS" signature="testaCadastroValido()[pri:0, instance:br.com.rsinet.hub_TDD.testes.TesteCadastro@26a7b76d]" name="testaCadastroValido" duration-ms="5657" started-at="2020-01-15T11:46:56 BRT" finished-at="2020-01-15T11:47:02 BRT">
          <reporter-output>
            <line>
              <![CDATA[ A aplicação foi iniciada com sucesso]]>
            </line>
            <line>
              <![CDATA[Um novo usuário foi cadastrado com sucesso]]>
            </line>
          </reporter-output>
        </test-method> <!-- testaCadastroValido -->
        <test-method status="PASS" signature="encerra()[pri:0, instance:br.com.rsinet.hub_TDD.testes.TesteCadastro@26a7b76d]" name="encerra" is-config="true" duration-ms="631" started-at="2020-01-15T11:47:02 BRT" finished-at="2020-01-15T11:47:03 BRT">
          <reporter-output>
          </reporter-output>
        </test-method> <!-- encerra -->
        <test-method status="PASS" signature="configuracoes()[pri:0, instance:br.com.rsinet.hub_TDD.testes.TesteCadastro@26a7b76d]" name="configuracoes" is-config="true" duration-ms="10144" started-at="2020-01-15T11:47:03 BRT" finished-at="2020-01-15T11:47:13 BRT">
          <reporter-output>
          </reporter-output>
        </test-method> <!-- configuracoes -->
        <test-method status="PASS" signature="testaCadastroInvalido()[pri:1, instance:br.com.rsinet.hub_TDD.testes.TesteCadastro@26a7b76d]" name="testaCadastroInvalido" duration-ms="9513" started-at="2020-01-15T11:47:13 BRT" finished-at="2020-01-15T11:47:22 BRT">
          <reporter-output>
          </reporter-output>
        </test-method> <!-- testaCadastroInvalido -->
        <test-method status="PASS" signature="encerra()[pri:0, instance:br.com.rsinet.hub_TDD.testes.TesteCadastro@26a7b76d]" name="encerra" is-config="true" duration-ms="611" started-at="2020-01-15T11:47:22 BRT" finished-at="2020-01-15T11:47:23 BRT">
          <reporter-output>
          </reporter-output>
        </test-method> <!-- encerra -->
      </class> <!-- br.com.rsinet.hub_TDD.testes.TesteCadastro -->
    </test> <!-- Default test -->
  </suite> <!-- Default suite -->
</testng-results>
