<?xml version="1.0" encoding="UTF-8"?>
<testng-results skipped="0" failed="0" ignored="0" total="6" passed="6">
  <reporter-output>
    <line>
      <![CDATA[ A aplicação foi iniciada com sucesso |]]>
    </line>
    <line>
      <![CDATA[O campo de busca recebeu os parâmetros enviados |]]>
    </line>
    <line>
      <![CDATA[ A busca pela lupa não retornou o resultado esperado | ]]>
    </line>
    <line>
      <![CDATA[ O teste foi finalizado ]]>
    </line>
    <line>
      <![CDATA[ A aplicação foi iniciada com sucesso |]]>
    </line>
    <line>
      <![CDATA[O campo de busca recebeu os parâmetros enviados |]]>
    </line>
    <line>
      <![CDATA[A aplicação retornou o produto pesquisado |]]>
    </line>
    <line>
      <![CDATA[A busca pela lupa foi realizada com sucesso]]>
    </line>
    <line>
      <![CDATA[ O teste foi finalizado ]]>
    </line>
    <line>
      <![CDATA[ A aplicação foi iniciada com sucesso |]]>
    </line>
    <line>
      <![CDATA[Os comandos de cliques foram executados com sucesso |]]>
    </line>
    <line>
      <![CDATA[ O produto selecionado foi inserido no carrinho com sucesso |]]>
    </line>
    <line>
      <![CDATA[O produto inserido no carrinho é divergente do produto selecionado na tela inicial |]]>
    </line>
    <line>
      <![CDATA[O teste foi finalizado.]]>
    </line>
    <line>
      <![CDATA[ A aplicação foi iniciada com sucesso |]]>
    </line>
    <line>
      <![CDATA[Os comandos de cliques foram executados com sucesso |]]>
    </line>
    <line>
      <![CDATA[O produto foi inserido no carrinho corretamente]]>
    </line>
    <line>
      <![CDATA[O teste foi finalizado. ]]>
    </line>
    <line>
      <![CDATA[ A aplicação foi iniciada com sucesso |]]>
    </line>
    <line>
      <![CDATA[ A página de criação de novo usuário foi acessada |]]>
    </line>
    <line>
      <![CDATA[Os dados foram preenchidos com informações válidas]]>
    </line>
    <line>
      <![CDATA[Um novo usuário foi cadastrado com sucesso |]]>
    </line>
    <line>
      <![CDATA[O teste foi finalizado ]]>
    </line>
    <line>
      <![CDATA[ A aplicação foi iniciada com sucesso |]]>
    </line>
    <line>
      <![CDATA[ A página de criação de novo usuário foi acessada |]]>
    </line>
    <line>
      <![CDATA[Os dados foram preenchidos com um nome de usuario ja cadastrado]]>
    </line>
    <line>
      <![CDATA[O usuário não foi cadastrado |]]>
    </line>
    <line>
      <![CDATA[ O teste foi finalizado ]]>
    </line>
  </reporter-output>
  <suite name="Teste - TDD" duration-ms="115941" started-at="2020-01-27T11:05:27 BRT" finished-at="2020-01-27T11:07:23 BRT">
    <groups>
    </groups>
    <test name="Funcionalidade busca pela lupa" duration-ms="30027" started-at="2020-01-27T11:05:27 BRT" finished-at="2020-01-27T11:05:57 BRT">
      <class name="br.com.rsinet.hub_TDD.testes.TestBuscaLupa">
        <test-method status="PASS" signature="configura()[pri:0, instance:br.com.rsinet.hub_TDD.testes.TestBuscaLupa@6b57696f]" name="configura" is-config="true" duration-ms="11526" started-at="2020-01-27T11:05:27 BRT" finished-at="2020-01-27T11:05:39 BRT">
          <reporter-output>
          </reporter-output>
        </test-method> <!-- configura -->
        <test-method status="PASS" signature="testaBuscaLupaInvalido()[pri:0, instance:br.com.rsinet.hub_TDD.testes.TestBuscaLupa@6b57696f]" name="testaBuscaLupaInvalido" duration-ms="4115" started-at="2020-01-27T11:05:39 BRT" finished-at="2020-01-27T11:05:43 BRT">
          <reporter-output>
            <line>
              <![CDATA[ A aplicação foi iniciada com sucesso |]]>
            </line>
            <line>
              <![CDATA[O campo de busca recebeu os parâmetros enviados |]]>
            </line>
            <line>
              <![CDATA[ A busca pela lupa não retornou o resultado esperado | ]]>
            </line>
            <line>
              <![CDATA[ O teste foi finalizado ]]>
            </line>
          </reporter-output>
        </test-method> <!-- testaBuscaLupaInvalido -->
        <test-method status="PASS" signature="encerra()[pri:0, instance:br.com.rsinet.hub_TDD.testes.TestBuscaLupa@6b57696f]" name="encerra" is-config="true" duration-ms="58" started-at="2020-01-27T11:05:43 BRT" finished-at="2020-01-27T11:05:43 BRT">
          <reporter-output>
          </reporter-output>
        </test-method> <!-- encerra -->
        <test-method status="PASS" signature="configura()[pri:0, instance:br.com.rsinet.hub_TDD.testes.TestBuscaLupa@6b57696f]" name="configura" is-config="true" duration-ms="10202" started-at="2020-01-27T11:05:43 BRT" finished-at="2020-01-27T11:05:53 BRT">
          <reporter-output>
          </reporter-output>
        </test-method> <!-- configura -->
        <test-method status="PASS" signature="testaBuscaLupaValido()[pri:0, instance:br.com.rsinet.hub_TDD.testes.TestBuscaLupa@6b57696f]" name="testaBuscaLupaValido" duration-ms="4039" started-at="2020-01-27T11:05:53 BRT" finished-at="2020-01-27T11:05:57 BRT">
          <reporter-output>
            <line>
              <![CDATA[ A aplicação foi iniciada com sucesso |]]>
            </line>
            <line>
              <![CDATA[O campo de busca recebeu os parâmetros enviados |]]>
            </line>
            <line>
              <![CDATA[A aplicação retornou o produto pesquisado |]]>
            </line>
            <line>
              <![CDATA[A busca pela lupa foi realizada com sucesso]]>
            </line>
            <line>
              <![CDATA[ O teste foi finalizado ]]>
            </line>
          </reporter-output>
        </test-method> <!-- testaBuscaLupaValido -->
        <test-method status="PASS" signature="encerra()[pri:0, instance:br.com.rsinet.hub_TDD.testes.TestBuscaLupa@6b57696f]" name="encerra" is-config="true" duration-ms="50" started-at="2020-01-27T11:05:57 BRT" finished-at="2020-01-27T11:05:57 BRT">
          <reporter-output>
          </reporter-output>
        </test-method> <!-- encerra -->
      </class> <!-- br.com.rsinet.hub_TDD.testes.TestBuscaLupa -->
    </test> <!-- Funcionalidade busca pela lupa -->
    <test name="Funcionalidade busca por clique" duration-ms="35263" started-at="2020-01-27T11:05:57 BRT" finished-at="2020-01-27T11:06:32 BRT">
      <class name="br.com.rsinet.hub_TDD.testes.TesteBuscaClique">
        <test-method status="PASS" signature="configura()[pri:0, instance:br.com.rsinet.hub_TDD.testes.TesteBuscaClique@63440df3]" name="configura" is-config="true" duration-ms="10172" started-at="2020-01-27T11:05:57 BRT" finished-at="2020-01-27T11:06:07 BRT">
          <reporter-output>
          </reporter-output>
        </test-method> <!-- configura -->
        <test-method status="PASS" signature="testaBuscaCliqueInvalido()[pri:0, instance:br.com.rsinet.hub_TDD.testes.TesteBuscaClique@63440df3]" name="testaBuscaCliqueInvalido" duration-ms="6857" started-at="2020-01-27T11:06:07 BRT" finished-at="2020-01-27T11:06:14 BRT">
          <reporter-output>
            <line>
              <![CDATA[ A aplicação foi iniciada com sucesso |]]>
            </line>
            <line>
              <![CDATA[Os comandos de cliques foram executados com sucesso |]]>
            </line>
            <line>
              <![CDATA[ O produto selecionado foi inserido no carrinho com sucesso |]]>
            </line>
            <line>
              <![CDATA[O produto inserido no carrinho é divergente do produto selecionado na tela inicial |]]>
            </line>
            <line>
              <![CDATA[O teste foi finalizado.]]>
            </line>
          </reporter-output>
        </test-method> <!-- testaBuscaCliqueInvalido -->
        <test-method status="PASS" signature="encerra()[pri:0, instance:br.com.rsinet.hub_TDD.testes.TesteBuscaClique@63440df3]" name="encerra" is-config="true" duration-ms="50" started-at="2020-01-27T11:06:14 BRT" finished-at="2020-01-27T11:06:14 BRT">
          <reporter-output>
          </reporter-output>
        </test-method> <!-- encerra -->
        <test-method status="PASS" signature="configura()[pri:0, instance:br.com.rsinet.hub_TDD.testes.TesteBuscaClique@63440df3]" name="configura" is-config="true" duration-ms="10194" started-at="2020-01-27T11:06:14 BRT" finished-at="2020-01-27T11:06:24 BRT">
          <reporter-output>
          </reporter-output>
        </test-method> <!-- configura -->
        <test-method status="PASS" signature="testaBuscaCliqueValido()[pri:0, instance:br.com.rsinet.hub_TDD.testes.TesteBuscaClique@63440df3]" name="testaBuscaCliqueValido" duration-ms="7935" started-at="2020-01-27T11:06:24 BRT" finished-at="2020-01-27T11:06:32 BRT">
          <reporter-output>
            <line>
              <![CDATA[ A aplicação foi iniciada com sucesso |]]>
            </line>
            <line>
              <![CDATA[Os comandos de cliques foram executados com sucesso |]]>
            </line>
            <line>
              <![CDATA[O produto foi inserido no carrinho corretamente]]>
            </line>
            <line>
              <![CDATA[O teste foi finalizado. ]]>
            </line>
          </reporter-output>
        </test-method> <!-- testaBuscaCliqueValido -->
        <test-method status="PASS" signature="encerra()[pri:0, instance:br.com.rsinet.hub_TDD.testes.TesteBuscaClique@63440df3]" name="encerra" is-config="true" duration-ms="52" started-at="2020-01-27T11:06:32 BRT" finished-at="2020-01-27T11:06:32 BRT">
          <reporter-output>
          </reporter-output>
        </test-method> <!-- encerra -->
      </class> <!-- br.com.rsinet.hub_TDD.testes.TesteBuscaClique -->
    </test> <!-- Funcionalidade busca por clique -->
    <test name="Funcionalidade de cadastro" duration-ms="50571" started-at="2020-01-27T11:06:32 BRT" finished-at="2020-01-27T11:07:23 BRT">
      <class name="br.com.rsinet.hub_TDD.testes.TesteCadastro">
        <test-method status="PASS" signature="configura()[pri:0, instance:br.com.rsinet.hub_TDD.testes.TesteCadastro@eafc191]" name="configura" is-config="true" duration-ms="10188" started-at="2020-01-27T11:06:32 BRT" finished-at="2020-01-27T11:06:43 BRT">
          <reporter-output>
          </reporter-output>
        </test-method> <!-- configura -->
        <test-method status="PASS" signature="testeCadastroValido()[pri:0, instance:br.com.rsinet.hub_TDD.testes.TesteCadastro@eafc191]" name="testeCadastroValido" duration-ms="8486" started-at="2020-01-27T11:06:43 BRT" finished-at="2020-01-27T11:06:51 BRT">
          <reporter-output>
            <line>
              <![CDATA[ A aplicação foi iniciada com sucesso |]]>
            </line>
            <line>
              <![CDATA[ A página de criação de novo usuário foi acessada |]]>
            </line>
            <line>
              <![CDATA[Os dados foram preenchidos com informações válidas]]>
            </line>
            <line>
              <![CDATA[Um novo usuário foi cadastrado com sucesso |]]>
            </line>
            <line>
              <![CDATA[O teste foi finalizado ]]>
            </line>
          </reporter-output>
        </test-method> <!-- testeCadastroValido -->
        <test-method status="PASS" signature="encerra()[pri:0, instance:br.com.rsinet.hub_TDD.testes.TesteCadastro@eafc191]" name="encerra" is-config="true" duration-ms="53" started-at="2020-01-27T11:06:51 BRT" finished-at="2020-01-27T11:06:51 BRT">
          <reporter-output>
          </reporter-output>
        </test-method> <!-- encerra -->
        <test-method status="PASS" signature="configura()[pri:0, instance:br.com.rsinet.hub_TDD.testes.TesteCadastro@eafc191]" name="configura" is-config="true" duration-ms="10139" started-at="2020-01-27T11:06:51 BRT" finished-at="2020-01-27T11:07:01 BRT">
          <reporter-output>
          </reporter-output>
        </test-method> <!-- configura -->
        <test-method status="PASS" signature="testeCadastroInvalido()[pri:1, instance:br.com.rsinet.hub_TDD.testes.TesteCadastro@eafc191]" name="testeCadastroInvalido" duration-ms="21635" started-at="2020-01-27T11:07:01 BRT" finished-at="2020-01-27T11:07:23 BRT">
          <reporter-output>
            <line>
              <![CDATA[ A aplicação foi iniciada com sucesso |]]>
            </line>
            <line>
              <![CDATA[ A página de criação de novo usuário foi acessada |]]>
            </line>
            <line>
              <![CDATA[Os dados foram preenchidos com um nome de usuario ja cadastrado]]>
            </line>
            <line>
              <![CDATA[O usuário não foi cadastrado |]]>
            </line>
            <line>
              <![CDATA[ O teste foi finalizado ]]>
            </line>
          </reporter-output>
        </test-method> <!-- testeCadastroInvalido -->
        <test-method status="PASS" signature="encerra()[pri:0, instance:br.com.rsinet.hub_TDD.testes.TesteCadastro@eafc191]" name="encerra" is-config="true" duration-ms="53" started-at="2020-01-27T11:07:23 BRT" finished-at="2020-01-27T11:07:23 BRT">
          <reporter-output>
          </reporter-output>
        </test-method> <!-- encerra -->
      </class> <!-- br.com.rsinet.hub_TDD.testes.TesteCadastro -->
    </test> <!-- Funcionalidade de cadastro -->
  </suite> <!-- Teste - TDD -->
</testng-results>
