<?xml version="1.0" encoding="UTF-8"?>
<testng-results skipped="0" failed="0" ignored="0" total="1" passed="1">
  <reporter-output>
    <line>
      <![CDATA[ A aplicação foi iniciada com sucesso |]]>
    </line>
    <line>
      <![CDATA[O produto inserido no carrinho é divergente do produto selecionado na tela inicial]]>
    </line>
    <line>
      <![CDATA[O teste foi concluído com sucesso]]>
    </line>
  </reporter-output>
  <suite name="Default suite" duration-ms="17767" started-at="2020-01-16T14:03:51 BRT" finished-at="2020-01-16T14:04:09 BRT">
    <groups>
    </groups>
    <test name="Default test" duration-ms="17767" started-at="2020-01-16T14:03:51 BRT" finished-at="2020-01-16T14:04:09 BRT">
      <class name="br.com.rsinet.hub_TDD.testes.BuscaCliqueInvalido">
        <test-method status="PASS" signature="testaBuscaCliqueInvalido()[pri:0, instance:br.com.rsinet.hub_TDD.testes.BuscaCliqueInvalido@fad74ee]" name="testaBuscaCliqueInvalido" duration-ms="17734" started-at="2020-01-16T14:03:51 BRT" finished-at="2020-01-16T14:04:09 BRT">
          <reporter-output>
            <line>
              <![CDATA[ A aplicação foi iniciada com sucesso |]]>
            </line>
            <line>
              <![CDATA[O produto inserido no carrinho é divergente do produto selecionado na tela inicial]]>
            </line>
            <line>
              <![CDATA[O teste foi concluído com sucesso]]>
            </line>
          </reporter-output>
        </test-method> <!-- testaBuscaCliqueInvalido -->
      </class> <!-- br.com.rsinet.hub_TDD.testes.BuscaCliqueInvalido -->
    </test> <!-- Default test -->
  </suite> <!-- Default suite -->
</testng-results>
